Using pre-set license
Built from '2020.3/staging' branch; Version is '2020.3.47f1 (5ef4f5b5e2d4) revision 6223093'; Using compiler version '192528614'; Build Type 'Release'
OS: 'Windows 10  (10.0.19045) 64bit Core' Language: 'da' Physical Memory: 32687 MB
BatchMode: 1, IsHumanControllingUs: 0, StartBugReporterOnCrash: 0, Is64bit: 1, IsPro: 0

COMMAND LINE ARGUMENTS:
C:\Program Files\Unity\Hub\Editor\2020.3.47f1\Editor\Unity.exe
-adb2
-batchMode
-noUpm
-name
AssetImportWorker0
-projectPath
C:/Users/simon/Documents/GitHub/zoo interactive RH
-logFile
Logs/AssetImportWorker0.log
-srvPort
57164
Successfully changed project path to: C:/Users/simon/Documents/GitHub/zoo interactive RH
C:/Users/simon/Documents/GitHub/zoo interactive RH
Using Asset Import Pipeline V2.
Player connection [26156] Host "[IP] 192.168.0.24 [Port] 805523936 [Flags] 2 [Guid] 3725567374 [EditorId] 3725567374 [Version] 1048832 [Id] WindowsEditor(7,DESKTOP-VAO4MBO) [Debug] 1 [PackageName] WindowsEditor [ProjectName] Editor" joined multi-casting on [225.0.0.222:54997]...

Player connection [26156] Host "[IP] 192.168.0.24 [Port] 805523936 [Flags] 2 [Guid] 3725567374 [EditorId] 3725567374 [Version] 1048832 [Id] WindowsEditor(7,DESKTOP-VAO4MBO) [Debug] 1 [PackageName] WindowsEditor [ProjectName] Editor" joined alternative multi-casting on [225.0.0.222:34997]...

Refreshing native plugins compatible for Editor in 44.05 ms, found 3 plugins.
Preloading 0 native plugins for Editor in 0.00 ms.
Initialize engine version: 2020.3.47f1 (5ef4f5b5e2d4)
[Subsystems] Discovering subsystems at path C:/Program Files/Unity/Hub/Editor/2020.3.47f1/Editor/Data/Resources/UnitySubsystems
[Subsystems] Discovering subsystems at path C:/Users/simon/Documents/GitHub/zoo interactive RH/Assets
GfxDevice: creating device client; threaded=0
Direct3D:
    Version:  Direct3D 11.0 [level 11.1]
    Renderer: NVIDIA GeForce RTX 2070 SUPER (ID=0x1e84)
    Vendor:   
    VRAM:     8003 MB
    Driver:   31.0.15.3141
Initialize mono
Mono path[0] = 'C:/Program Files/Unity/Hub/Editor/2020.3.47f1/Editor/Data/Managed'
Mono path[1] = 'C:/Program Files/Unity/Hub/Editor/2020.3.47f1/Editor/Data/MonoBleedingEdge/lib/mono/unityjit'
Mono config path = 'C:/Program Files/Unity/Hub/Editor/2020.3.47f1/Editor/Data/MonoBleedingEdge/etc'
Using monoOptions --debugger-agent=transport=dt_socket,embedding=1,server=y,suspend=n,address=127.0.0.1:56952
Begin MonoManager ReloadAssembly
Registering precompiled unity dll's ...
Register platform support module: C:/Program Files/Unity/Hub/Editor/2020.3.47f1/Editor/Data/PlaybackEngines/WindowsStandaloneSupport/UnityEditor.WindowsStandalone.Extensions.dll
Registered in 0.001969 seconds.
Native extension for WindowsStandalone target not found
Refreshing native plugins compatible for Editor in 41.47 ms, found 3 plugins.
Preloading 0 native plugins for Editor in 0.00 ms.
Mono: successfully reloaded assembly
- Completed reload, in  0.545 seconds
Domain Reload Profiling:
	ReloadAssembly (545ms)
		BeginReloadAssembly (70ms)
			ExecutionOrderSort (0ms)
			DisableScriptedObjects (0ms)
			BackupInstance (0ms)
			ReleaseScriptingObjects (0ms)
			CreateAndSetChildDomain (1ms)
		EndReloadAssembly (400ms)
			LoadAssemblies (67ms)
			RebuildTransferFunctionScriptingTraits (0ms)
			SetupTypeCache (133ms)
			ReleaseScriptCaches (0ms)
			RebuildScriptCaches (28ms)
			SetupLoadedEditorAssemblies (149ms)
				LogAssemblyErrors (0ms)
				InitializePlatformSupportModulesInManaged (4ms)
				SetLoadedEditorAssemblies (0ms)
				RefreshPlugins (42ms)
				BeforeProcessingInitializeOnLoad (7ms)
				ProcessInitializeOnLoadAttributes (70ms)
				ProcessInitializeOnLoadMethodAttributes (25ms)
				AfterProcessingInitializeOnLoad (0ms)
				EditorAssembliesLoaded (0ms)
			ExecutionOrderSort2 (0ms)
			AwakeInstancesAfterBackupRestoration (0ms)
Platform modules already initialized, skipping
Registering precompiled user dll's ...
Registered in 0.002928 seconds.
Begin MonoManager ReloadAssembly
Native extension for WindowsStandalone target not found
Refreshing native plugins compatible for Editor in 39.25 ms, found 3 plugins.
Preloading 0 native plugins for Editor in 0.00 ms.
Mono: successfully reloaded assembly
- Completed reload, in  0.955 seconds
Domain Reload Profiling:
	ReloadAssembly (955ms)
		BeginReloadAssembly (135ms)
			ExecutionOrderSort (0ms)
			DisableScriptedObjects (4ms)
			BackupInstance (0ms)
			ReleaseScriptingObjects (0ms)
			CreateAndSetChildDomain (17ms)
		EndReloadAssembly (762ms)
			LoadAssemblies (89ms)
			RebuildTransferFunctionScriptingTraits (0ms)
			SetupTypeCache (252ms)
			ReleaseScriptCaches (0ms)
			RebuildScriptCaches (41ms)
			SetupLoadedEditorAssemblies (295ms)
				LogAssemblyErrors (0ms)
				InitializePlatformSupportModulesInManaged (3ms)
				SetLoadedEditorAssemblies (0ms)
				RefreshPlugins (39ms)
				BeforeProcessingInitializeOnLoad (60ms)
				ProcessInitializeOnLoadAttributes (170ms)
				ProcessInitializeOnLoadMethodAttributes (15ms)
				AfterProcessingInitializeOnLoad (7ms)
				EditorAssembliesLoaded (0ms)
			ExecutionOrderSort2 (0ms)
			AwakeInstancesAfterBackupRestoration (2ms)
Platform modules already initialized, skipping
========================================================================
Worker process is ready to serve import requests
Launched and connected shader compiler UnityShaderCompiler.exe after 0.04 seconds
Refreshing native plugins compatible for Editor in 0.45 ms, found 3 plugins.
Preloading 0 native plugins for Editor in 0.00 ms.
Unloading 2045 Unused Serialized files (Serialized files now loaded: 0)
System memory in use before: 94.7 MB.
System memory in use after: 94.6 MB.

Unloading 31 unused Assets to reduce memory usage. Loaded Objects now: 2479.
Total: 2.858100 ms (FindLiveObjects: 0.168400 ms CreateObjectMapping: 0.045800 ms MarkObjects: 2.455400 ms  DeleteObjects: 0.187500 ms)

AssetImportParameters requested are different than current active one (requested -> active):
  custom:framework-win-MediaFoundation: 216162199b28c13a410421893ffa2e32 -> 
  custom:video-decoder-ogg-theora: a1e56fd34408186e4bbccfd4996cb3dc -> 
  custom:container-muxer-webm: aa71ff27fc2769a1b78a27578f13a17b -> 
  custom:container-demuxer-webm: 4f35f7cbe854078d1ac9338744f61a02 -> 
  custom:container-demuxer-ogg: 62fdf1f143b41e24485cea50d1cbac27 -> 
  custom:video-encoder-webm-vp8: eb34c28f22e8b96e1ab97ce403110664 -> 
  custom:video-codec-MediaFoundation-h265: e54d7ab0439102e2317fc1e4b246158d -> 
  custom:video-decoder-webm-vp8: 9c59270c3fd7afecdb556c50c9e8de78 -> 
  custom:audio-decoder-ogg-vorbis: bf7c407c2cedff20999df2af8eb42d56 -> 
  custom:audio-encoder-webm-vorbis: bf7c407c2cedff20999df2af8eb42d56 -> 
========================================================================
Received Import Request.
  path: Assets/download.jpg
  artifactKey: Guid(261734e4a1054714d91ad3af7c0d37ba) Importer(815301076,1909f56bfc062723c751e8b465ee728b)
Start importing Assets/download.jpg using Guid(261734e4a1054714d91ad3af7c0d37ba) Importer(815301076,1909f56bfc062723c751e8b465ee728b)  -> (artifact id: 'f60bb34e58f742af7f9012c87ec2853d') in 0.085137 seconds 
========================================================================
Received Import Request.
  Time since last request: 0.000169 seconds.
  path: Assets/d554dc0bbc2d102774689a2df6616e08.png
  artifactKey: Guid(6b9304ef902c68a44aa94f8e8243be16) Importer(815301076,1909f56bfc062723c751e8b465ee728b)
Start importing Assets/d554dc0bbc2d102774689a2df6616e08.png using Guid(6b9304ef902c68a44aa94f8e8243be16) Importer(815301076,1909f56bfc062723c751e8b465ee728b)  -> (artifact id: '511e7306ff6fb76c1777f1977e1e4c7f') in 0.025643 seconds 
========================================================================
Received Import Request.
  Time since last request: 24.316689 seconds.
  path: Assets/Scenes/bonus_card (1).png
  artifactKey: Guid(d4ccd98ee56e7324a8afa3177b355fc5) Importer(815301076,1909f56bfc062723c751e8b465ee728b)
Start importing Assets/Scenes/bonus_card (1).png using Guid(d4ccd98ee56e7324a8afa3177b355fc5) Importer(815301076,1909f56bfc062723c751e8b465ee728b)  -> (artifact id: 'bfc9cff5b7c938a0c2e20ffb7a9220de') in 0.023135 seconds 
========================================================================
Received Import Request.
  Time since last request: 0.000161 seconds.
  path: Assets/Scenes/play_btn.png
  artifactKey: Guid(ea6c611789c264d4f8d684475e42edf4) Importer(815301076,1909f56bfc062723c751e8b465ee728b)
Start importing Assets/Scenes/play_btn.png using Guid(ea6c611789c264d4f8d684475e42edf4) Importer(815301076,1909f56bfc062723c751e8b465ee728b)  -> (artifact id: 'ca10f9781c6bb08b63c8717b70df88da') in 0.030063 seconds 
========================================================================
Received Import Request.
  Time since last request: 0.000138 seconds.
  path: Assets/Scenes/play_btn 1.png
  artifactKey: Guid(d61df9b19d04e8d4cb84abff6e5cc6c1) Importer(815301076,1909f56bfc062723c751e8b465ee728b)
Start importing Assets/Scenes/play_btn 1.png using Guid(d61df9b19d04e8d4cb84abff6e5cc6c1) Importer(815301076,1909f56bfc062723c751e8b465ee728b)  -> (artifact id: '20e00e14bfa35f2042f7a8e3ebd963f8') in 0.029514 seconds 
========================================================================
Received Import Request.
  Time since last request: 0.000144 seconds.
  path: Assets/Scenes/bonus_card (2).png
  artifactKey: Guid(9906ca65d7379b241a10102b0a5f1e92) Importer(815301076,1909f56bfc062723c751e8b465ee728b)
Start importing Assets/Scenes/bonus_card (2).png using Guid(9906ca65d7379b241a10102b0a5f1e92) Importer(815301076,1909f56bfc062723c751e8b465ee728b)  -> (artifact id: 'be9a706fa03b3b6bbbc4f45ba422baae') in 0.016634 seconds 
========================================================================
Received Import Request.
  Time since last request: 0.000168 seconds.
  path: Assets/Scenes/file.jpg
  artifactKey: Guid(d14b64797d6e5f742a2ed9773a819220) Importer(815301076,1909f56bfc062723c751e8b465ee728b)
Start importing Assets/Scenes/file.jpg using Guid(d14b64797d6e5f742a2ed9773a819220) Importer(815301076,1909f56bfc062723c751e8b465ee728b)  -> (artifact id: 'ce4b30c8b8f2748a8a8167ec7bd50c33') in 0.040399 seconds 
========================================================================
Received Import Request.
  Time since last request: 5.666367 seconds.
  path: Assets/Scenes/FodringLøve.unity
  artifactKey: Guid(2cda990e2423bbf4892e6590ba056729) Importer(815301076,1909f56bfc062723c751e8b465ee728b)
Start importing Assets/Scenes/FodringLøve.unity using Guid(2cda990e2423bbf4892e6590ba056729) Importer(815301076,1909f56bfc062723c751e8b465ee728b)  -> (artifact id: 'd26be88df62dba56454acd2e653a321e') in 0.007458 seconds 
========================================================================
Received Import Request.
  Time since last request: 44.357246 seconds.
  path: Assets/Scripts/I don't use
  artifactKey: Guid(648d62fb7d25ad141a60c9018a6ca175) Importer(815301076,1909f56bfc062723c751e8b465ee728b)
Start importing Assets/Scripts/I don't use using Guid(648d62fb7d25ad141a60c9018a6ca175) Importer(815301076,1909f56bfc062723c751e8b465ee728b)  -> (artifact id: 'e51e5094e181539aebdfe4ddbf023c23') in 0.010860 seconds 
========================================================================
Received Import Request.
  Time since last request: 7.515121 seconds.
  path: Assets/Scripts
  artifactKey: Guid(c95b39a903ac6e94291914c4fb0c0b78) Importer(815301076,1909f56bfc062723c751e8b465ee728b)
Start importing Assets/Scripts using Guid(c95b39a903ac6e94291914c4fb0c0b78) Importer(815301076,1909f56bfc062723c751e8b465ee728b)  -> (artifact id: 'aede5103c80ec9e26fc4b0d0be77d026') in 0.003015 seconds 
========================================================================
Received Import Request.
  Time since last request: 2.458462 seconds.
  path: Assets/Scripts/AudioManager.cs
  artifactKey: Guid(660af83db1da5b942bb60e8f8357b1a4) Importer(815301076,1909f56bfc062723c751e8b465ee728b)
Start importing Assets/Scripts/AudioManager.cs using Guid(660af83db1da5b942bb60e8f8357b1a4) Importer(815301076,1909f56bfc062723c751e8b465ee728b)  -> (artifact id: '38fa79aacb2dcbc1ed822d9073bdb179') in 0.019538 seconds 
========================================================================
Received Import Request.
  Time since last request: 0.725484 seconds.
  path: Assets/Scripts/Sound.cs
  artifactKey: Guid(defe34bf040a78549875874993238515) Importer(815301076,1909f56bfc062723c751e8b465ee728b)
Start importing Assets/Scripts/Sound.cs using Guid(defe34bf040a78549875874993238515) Importer(815301076,1909f56bfc062723c751e8b465ee728b)  -> (artifact id: '70159fb1e72d23bb8819c14f06f2a61b') in 0.010016 seconds 
========================================================================
Received Import Request.
  Time since last request: 2.541920 seconds.
  path: Assets/Scripts/Monkey_Game
  artifactKey: Guid(855e855b7eefb6d45b2b1833bbc91985) Importer(815301076,1909f56bfc062723c751e8b465ee728b)
Start importing Assets/Scripts/Monkey_Game using Guid(855e855b7eefb6d45b2b1833bbc91985) Importer(815301076,1909f56bfc062723c751e8b465ee728b)  -> (artifact id: '2de200cfdf111b8e8067ebc7854157e3') in 0.002797 seconds 
========================================================================
Received Import Request.
  Time since last request: 3.559812 seconds.
  path: Assets/Scripts/Monkey_Game/SceneChanger.cs
  artifactKey: Guid(00824eb733f5eaa469bc108b74024e57) Importer(815301076,1909f56bfc062723c751e8b465ee728b)
Start importing Assets/Scripts/Monkey_Game/SceneChanger.cs using Guid(00824eb733f5eaa469bc108b74024e57) Importer(815301076,1909f56bfc062723c751e8b465ee728b)  -> (artifact id: '91988529eaa087deae6f0631241b0271') in 0.008823 seconds 
========================================================================
Received Import Request.
  Time since last request: 7.641136 seconds.
  path: Assets/Scripts/Fodring
  artifactKey: Guid(f5129576c2147b8469ae9c0ef9b4394b) Importer(815301076,1909f56bfc062723c751e8b465ee728b)
Start importing Assets/Scripts/Fodring using Guid(f5129576c2147b8469ae9c0ef9b4394b) Importer(815301076,1909f56bfc062723c751e8b465ee728b)  -> (artifact id: '303a3ed47b7daf4ccc1d499c145ec2e7') in 0.003128 seconds 
========================================================================
Received Import Request.
  Time since last request: 25.055484 seconds.
  path: Assets/Scenes/SceneChanger.cs
  artifactKey: Guid(d3f6ce6565d68b9478d0a8d2fdb51cb4) Importer(815301076,1909f56bfc062723c751e8b465ee728b)
Start importing Assets/Scenes/SceneChanger.cs using Guid(d3f6ce6565d68b9478d0a8d2fdb51cb4) Importer(815301076,1909f56bfc062723c751e8b465ee728b)  -> (artifact id: '1e33f0485428ea59573302be98bbce9c') in 0.002331 seconds 
========================================================================
Received Import Request.
  Time since last request: 9.958348 seconds.
  path: Assets/Scenes/SceneChange.cs
  artifactKey: Guid(d3f6ce6565d68b9478d0a8d2fdb51cb4) Importer(815301076,1909f56bfc062723c751e8b465ee728b)
Start importing Assets/Scenes/SceneChange.cs using Guid(d3f6ce6565d68b9478d0a8d2fdb51cb4) Importer(815301076,1909f56bfc062723c751e8b465ee728b)  -> (artifact id: '8b8783fc4269cd1c13975df2398ae608') in 0.008367 seconds 
========================================================================
Received Prepare
Registering precompiled user dll's ...
Registered in 0.003078 seconds.
Begin MonoManager ReloadAssembly
Native extension for WindowsStandalone target not found
Refreshing native plugins compatible for Editor in 0.46 ms, found 3 plugins.
Preloading 0 native plugins for Editor in 0.00 ms.
Mono: successfully reloaded assembly
- Completed reload, in  0.843 seconds
Domain Reload Profiling:
	ReloadAssembly (843ms)
		BeginReloadAssembly (108ms)
			ExecutionOrderSort (0ms)
			DisableScriptedObjects (5ms)
			BackupInstance (0ms)
			ReleaseScriptingObjects (0ms)
			CreateAndSetChildDomain (31ms)
		EndReloadAssembly (680ms)
			LoadAssemblies (88ms)
			RebuildTransferFunctionScriptingTraits (0ms)
			SetupTypeCache (239ms)
			ReleaseScriptCaches (1ms)
			RebuildScriptCaches (38ms)
			SetupLoadedEditorAssemblies (250ms)
				LogAssemblyErrors (0ms)
				InitializePlatformSupportModulesInManaged (4ms)
				SetLoadedEditorAssemblies (0ms)
				RefreshPlugins (1ms)
				BeforeProcessingInitializeOnLoad (54ms)
				ProcessInitializeOnLoadAttributes (175ms)
				ProcessInitializeOnLoadMethodAttributes (9ms)
				AfterProcessingInitializeOnLoad (7ms)
				EditorAssembliesLoaded (0ms)
			ExecutionOrderSort2 (0ms)
			AwakeInstancesAfterBackupRestoration (4ms)
Platform modules already initialized, skipping
Refreshing native plugins compatible for Editor in 0.50 ms, found 3 plugins.
Preloading 0 native plugins for Editor in 0.00 ms.
Unloading 2027 Unused Serialized files (Serialized files now loaded: 0)
System memory in use before: 96.4 MB.
System memory in use after: 96.3 MB.

Unloading 20 unused Assets to reduce memory usage. Loaded Objects now: 2499.
Total: 3.145500 ms (FindLiveObjects: 0.166900 ms CreateObjectMapping: 0.046900 ms MarkObjects: 2.792300 ms  DeleteObjects: 0.138400 ms)

AssetImportParameters requested are different than current active one (requested -> active):
  custom:framework-win-MediaFoundation: 216162199b28c13a410421893ffa2e32 -> 
  custom:video-decoder-ogg-theora: a1e56fd34408186e4bbccfd4996cb3dc -> 
  custom:container-muxer-webm: aa71ff27fc2769a1b78a27578f13a17b -> 
  custom:container-demuxer-webm: 4f35f7cbe854078d1ac9338744f61a02 -> 
  custom:container-demuxer-ogg: 62fdf1f143b41e24485cea50d1cbac27 -> 
  custom:video-encoder-webm-vp8: eb34c28f22e8b96e1ab97ce403110664 -> 
  custom:video-codec-MediaFoundation-h265: e54d7ab0439102e2317fc1e4b246158d -> 
  custom:video-decoder-webm-vp8: 9c59270c3fd7afecdb556c50c9e8de78 -> 
  custom:audio-decoder-ogg-vorbis: bf7c407c2cedff20999df2af8eb42d56 -> 
  custom:audio-encoder-webm-vorbis: bf7c407c2cedff20999df2af8eb42d56 -> 
AssetImportWorkerClient::OnTransportError - code=2 error=End of file
